<?xml version="1.0" encoding="UTF-8"?>
<testng-results ignored="0" total="2" passed="2" failed="0" skipped="0">
  <reporter-output>
  </reporter-output>
  <suite started-at="2024-08-12T14:59:55 IST" name="Suite" finished-at="2024-08-12T15:01:33 IST" duration-ms="97724">
    <groups>
    </groups>
    <test started-at="2024-08-12T14:59:55 IST" name="Test" finished-at="2024-08-12T15:01:33 IST" duration-ms="97724">
      <class name="com.runner.KynhoodRunner">
        <test-method is-config="true" signature="extendStartUp()[pri:0, instance:com.runner.KynhoodRunner@67f639d3]" started-at="2024-08-12T14:59:54 IST" name="extendStartUp" finished-at="2024-08-12T14:59:55 IST" duration-ms="1195" status="PASS">
          <reporter-output>
          </reporter-output>
        </test-method> <!-- extendStartUp -->
        <test-method is-config="true" signature="setUp()[pri:0, instance:com.runner.KynhoodRunner@67f639d3]" started-at="2024-08-12T14:59:55 IST" name="setUp" finished-at="2024-08-12T15:00:10 IST" duration-ms="14783" status="PASS">
          <reporter-output>
          </reporter-output>
        </test-method> <!-- setUp -->
        <test-method signature="homeFeedTest()[pri:-5, instance:com.runner.KynhoodRunner@67f639d3]" started-at="2024-08-12T15:00:10 IST" name="homeFeedTest" finished-at="2024-08-12T15:01:21 IST" duration-ms="71656" status="PASS">
          <reporter-output>
          </reporter-output>
        </test-method> <!-- homeFeedTest -->
        <test-method signature="klipseNameTitleValidation()[pri:-4, instance:com.runner.KynhoodRunner@67f639d3]" started-at="2024-08-12T15:01:22 IST" name="klipseNameTitleValidation" finished-at="2024-08-12T15:01:31 IST" duration-ms="9035" status="PASS">
          <reporter-output>
          </reporter-output>
        </test-method> <!-- klipseNameTitleValidation -->
        <test-method is-config="true" signature="browserClose()[pri:0, instance:com.runner.KynhoodRunner@67f639d3]" started-at="2024-08-12T15:01:31 IST" name="browserClose" finished-at="2024-08-12T15:01:33 IST" duration-ms="1316" status="PASS">
          <reporter-output>
          </reporter-output>
        </test-method> <!-- browserClose -->
        <test-method is-config="true" signature="extendReportEnd()[pri:0, instance:com.runner.KynhoodRunner@67f639d3]" started-at="2024-08-12T15:01:33 IST" name="extendReportEnd" finished-at="2024-08-12T15:01:37 IST" duration-ms="3834" status="PASS">
          <reporter-output>
          </reporter-output>
        </test-method> <!-- extendReportEnd -->
      </class> <!-- com.runner.KynhoodRunner -->
    </test> <!-- Test -->
  </suite> <!-- Suite -->
</testng-results>
